TN:
SF:src/Product.js
FN:5,<instance_members_initializer>
FN:10,Product
FN:16,setName
FN:21,setPrice
FN:25,setDescription
FN:29,getPrice
FN:33,getName
FN:37,getDescription
FNF:8
FNH:8
FNDA:1,<instance_members_initializer>
FNDA:1,Product
FNDA:1,setName
FNDA:1,setPrice
FNDA:1,setDescription
FNDA:1,getPrice
FNDA:1,getName
FNDA:1,getDescription
DA:1,1
DA:2,1
DA:3,1
DA:4,1
DA:5,1
DA:6,1
DA:7,1
DA:8,1
DA:9,1
DA:10,1
DA:11,1
DA:12,1
DA:13,1
DA:14,1
DA:15,1
DA:16,1
DA:17,1
DA:18,1
DA:19,1
DA:20,1
DA:21,1
DA:22,1
DA:23,1
DA:24,1
DA:25,1
DA:26,1
DA:27,1
DA:28,1
DA:29,1
DA:30,1
DA:31,1
DA:32,1
DA:33,1
DA:34,1
DA:35,1
DA:36,1
DA:37,1
DA:38,1
DA:39,1
DA:40,1
LF:40
LH:40
BRDA:5,0,0,1
BRDA:10,1,0,1
BRDA:16,2,0,1
BRDA:21,3,0,1
BRDA:25,4,0,1
BRDA:29,5,0,1
BRDA:33,6,0,1
BRDA:37,7,0,1
BRF:8
BRH:8
end_of_record
